<?xml version="1.0" encoding="UTF-8" ?>
<testsuite errors="0" failures="1" hostname="DESKTOP-RKRLPOU" name="racetrack.RegistrationTests" tests="1" time="0.707" timestamp="2017-06-29T06:55:55">
  <properties />
  <testcase classname="racetrack.RegistrationTests" name="testSomething" time="0.296">
    <failure message="junit.framework.AssertionFailedError: Implement me" type="junit.framework.AssertionFailedError">junit.framework.AssertionFailedError: junit.framework.AssertionFailedError: Implement me
	at racetrack.RegistrationTests.testSomething(RegistrationTests.groovy:15)
</failure>
  </testcase>
  <system-out><![CDATA[--Output from testSomething--
]]></system-out>
  <system-err><![CDATA[--Output from testSomething--
]]></system-err>
</testsuite>
