<?xml version="1.0" encoding="UTF-8" ?>
<testsuite errors="0" failures="1" hostname="DESKTOP-RKRLPOU" name="racetrack.UserTests" tests="1" time="0.144" timestamp="2017-06-29T06:55:58">
  <properties />
  <testcase classname="racetrack.UserTests" name="testSomething" time="0.142">
    <failure message="junit.framework.AssertionFailedError: Implement me" type="junit.framework.AssertionFailedError">junit.framework.AssertionFailedError: junit.framework.AssertionFailedError: Implement me
	at racetrack.UserTests.testSomething(UserTests.groovy:15)
</failure>
  </testcase>
  <system-out><![CDATA[--Output from testSomething--
]]></system-out>
  <system-err><![CDATA[--Output from testSomething--
]]></system-err>
</testsuite>
